2022-05-09T12:24:58.111Z [Pedidos-API] info : API iniciada com sucesso...
2022-05-09T12:26:01.898Z [Pedidos-API] info : API iniciada com sucesso...
2022-05-09T12:26:09.759Z [Pedidos-API] info : API iniciada com sucesso...
2022-05-09T12:26:40.097Z [Pedidos-API] info : API iniciada com sucesso...
2022-05-09T12:27:17.058Z [Pedidos-API] info : API iniciada com sucesso...
2022-05-09T12:27:24.832Z [Pedidos-API] info : API iniciada com sucesso...
2022-05-09T12:29:43.242Z [Pedidos-API] info : API iniciada com sucesso...
2022-05-09T12:30:13.256Z [Pedidos-API] info : API iniciada com sucesso...
2022-05-09T12:30:17.993Z [Pedidos-API] info : API iniciada com sucesso...
2022-05-09T12:30:20.477Z [Pedidos-API] info : API iniciada com sucesso...
2022-05-09T12:30:23.199Z [Pedidos-API] info : API iniciada com sucesso...
2022-05-09T12:30:35.560Z [Pedidos-API] info : API iniciada com sucesso...
2022-05-09T12:30:38.750Z [Pedidos-API] info : API iniciada com sucesso...
2022-05-09T12:30:43.949Z [Pedidos-API] info : API iniciada com sucesso...
2022-05-09T12:30:45.280Z [Pedidos-API] info : API iniciada com sucesso...
2022-05-09T12:30:50.514Z [Pedidos-API] info : API iniciada com sucesso...
2022-05-09T12:30:52.133Z [Pedidos-API] info : API iniciada com sucesso...
2022-05-09T12:30:59.804Z [Pedidos-API] info : API iniciada com sucesso...
2022-05-09T12:31:06.159Z [Pedidos-API] info : API iniciada com sucesso...
2022-05-09T12:31:07.666Z [Pedidos-API] info : API iniciada com sucesso...
2022-05-09T12:32:16.745Z [Pedidos-API] info : API iniciada com sucesso...
2022-05-09T12:32:20.110Z [Pedidos-API] info : API iniciada com sucesso...
2022-05-09T12:32:29.463Z [Pedidos-API] info : API iniciada com sucesso...
2022-05-09T12:32:37.221Z [Pedidos-API] info : API iniciada com sucesso...
2022-05-09T12:32:39.764Z [Pedidos-API] info : API iniciada com sucesso...
2022-05-09T12:32:42.385Z [Pedidos-API] info : API iniciada com sucesso...
2022-05-09T12:32:49.836Z [Pedidos-API] info : API iniciada com sucesso...
2022-05-09T12:32:52.060Z [Pedidos-API] info : API iniciada com sucesso...
2022-05-09T12:32:57.325Z [Pedidos-API] info : API iniciada com sucesso...
2022-05-09T12:32:58.637Z [Pedidos-API] info : API iniciada com sucesso...
2022-05-09T12:33:04.111Z [Pedidos-API] info : API iniciada com sucesso...
2022-05-09T12:35:03.154Z [Pedidos-API] info : GET /pedidos
2022-05-09T12:39:05.955Z [Pedidos-API] info : API iniciada com sucesso...
2022-05-09T12:39:09.812Z [Pedidos-API] info : API iniciada com sucesso...
2022-05-09T12:39:20.131Z [Pedidos-API] info : API iniciada com sucesso...
2022-05-09T12:39:27.136Z [Pedidos-API] info : API iniciada com sucesso...
2022-05-09T12:39:31.593Z [Pedidos-API] info : API iniciada com sucesso...
2022-05-09T12:40:49.393Z [Pedidos-API] info : API iniciada com sucesso...
2022-05-09T12:41:02.037Z [Pedidos-API] info : API iniciada com sucesso...
2022-05-09T12:41:04.700Z [Pedidos-API] info : API iniciada com sucesso...
2022-05-09T12:41:07.243Z [Pedidos-API] info : API iniciada com sucesso...
2022-05-09T12:41:12.291Z [Pedidos-API] info : API iniciada com sucesso...
2022-05-09T12:41:15.870Z [Pedidos-API] info : API iniciada com sucesso...
2022-05-09T12:41:44.975Z [Pedidos-API] info : API iniciada com sucesso...
2022-05-09T12:41:47.021Z [Pedidos-API] info : API iniciada com sucesso...
2022-05-09T12:41:51.198Z [Pedidos-API] info : API iniciada com sucesso...
2022-05-09T12:41:54.447Z [Pedidos-API] info : API iniciada com sucesso...
2022-05-09T12:41:59.327Z [Pedidos-API] info : API iniciada com sucesso...
2022-05-09T12:42:02.064Z [Pedidos-API] info : API iniciada com sucesso...
2022-05-09T12:42:04.123Z [Pedidos-API] info : API iniciada com sucesso...
2022-05-09T12:42:10.469Z [Pedidos-API] info : API iniciada com sucesso...
2022-05-09T12:42:28.727Z [Pedidos-API] info : API iniciada com sucesso...
2022-05-09T12:42:31.738Z [Pedidos-API] info : API iniciada com sucesso...
2022-05-09T12:42:35.533Z [Pedidos-API] info : API iniciada com sucesso...
2022-05-09T12:42:46.438Z [Pedidos-API] info : API iniciada com sucesso...
2022-05-09T12:42:49.908Z [Pedidos-API] info : API iniciada com sucesso...
2022-05-09T12:43:11.388Z [Pedidos-API] info : API iniciada com sucesso...
2022-05-09T12:43:12.621Z [Pedidos-API] info : API iniciada com sucesso...
2022-05-09T12:43:21.879Z [Pedidos-API] info : API iniciada com sucesso...
2022-05-09T12:43:33.772Z [Pedidos-API] info : API iniciada com sucesso...
2022-05-09T12:43:43.574Z [Pedidos-API] info : API iniciada com sucesso...
2022-05-09T12:43:51.958Z [Pedidos-API] info : API iniciada com sucesso...
2022-05-09T12:43:55.341Z [Pedidos-API] info : API iniciada com sucesso...
2022-05-09T12:43:59.819Z [Pedidos-API] info : API iniciada com sucesso...
2022-05-09T12:44:06.312Z [Pedidos-API] info : API iniciada com sucesso...
2022-05-09T12:44:15.317Z [Pedidos-API] info : API iniciada com sucesso...
2022-05-09T12:44:23.293Z [Pedidos-API] info : API iniciada com sucesso...
2022-05-09T12:44:30.295Z [Pedidos-API] info : API iniciada com sucesso...
2022-05-09T12:45:19.659Z [Pedidos-API] info : API iniciada com sucesso...
2022-05-09T12:45:40.616Z [Pedidos-API] info : API iniciada com sucesso...
2022-05-09T12:46:10.584Z [Pedidos-API] info : API iniciada com sucesso...
2022-05-09T12:46:20.727Z [Pedidos-API] info : API iniciada com sucesso...
2022-05-09T12:46:23.633Z [Pedidos-API] info : API iniciada com sucesso...
2022-05-09T12:46:28.495Z [Pedidos-API] info : API iniciada com sucesso...
2022-05-09T12:46:31.782Z [Pedidos-API] info : API iniciada com sucesso...
2022-05-09T12:46:34.261Z [Pedidos-API] info : API iniciada com sucesso...
2022-05-09T12:46:38.825Z [Pedidos-API] info : API iniciada com sucesso...
2022-05-09T12:46:42.214Z [Pedidos-API] info : API iniciada com sucesso...
2022-05-09T12:46:44.726Z [Pedidos-API] info : API iniciada com sucesso...
2022-05-09T12:47:30.985Z [Pedidos-API] info : API iniciada com sucesso...
2022-05-09T12:47:42.651Z [Pedidos-API] info : API iniciada com sucesso...
2022-05-09T12:47:44.970Z [Pedidos-API] info : API iniciada com sucesso...
2022-05-09T12:47:48.339Z [Pedidos-API] info : API iniciada com sucesso...
2022-05-09T12:47:50.385Z [Pedidos-API] info : API iniciada com sucesso...
2022-05-09T12:47:53.689Z [Pedidos-API] info : API iniciada com sucesso...
2022-05-09T12:47:55.881Z [Pedidos-API] info : API iniciada com sucesso...
2022-05-09T12:47:59.043Z [Pedidos-API] info : API iniciada com sucesso...
2022-05-09T12:48:06.338Z [Pedidos-API] info : API iniciada com sucesso...
2022-05-09T12:48:07.935Z [Pedidos-API] info : API iniciada com sucesso...
2022-05-09T12:48:16.036Z [Pedidos-API] info : API iniciada com sucesso...
2022-05-09T12:48:20.223Z [Pedidos-API] info : API iniciada com sucesso...
2022-05-09T12:48:31.298Z [Pedidos-API] info : API iniciada com sucesso...
2022-05-09T12:48:51.265Z [Pedidos-API] info : API iniciada com sucesso...
2022-05-09T12:48:52.375Z [Pedidos-API] info : API iniciada com sucesso...
2022-05-09T12:48:55.322Z [Pedidos-API] info : API iniciada com sucesso...
2022-05-09T12:48:59.507Z [Pedidos-API] info : API iniciada com sucesso...
2022-05-09T12:50:53.249Z [Pedidos-API] error : POST /pedidos - pedidos is not defined
2022-05-09T12:51:32.900Z [Pedidos-API] info : API iniciada com sucesso...
2022-05-09T12:51:36.426Z [Pedidos-API] error : POST /pedidos - data.push is not a function
2022-05-09T12:52:12.349Z [Pedidos-API] info : API iniciada com sucesso...
2022-05-09T12:52:14.040Z [Pedidos-API] info : API iniciada com sucesso...
2022-05-09T12:52:38.169Z [Pedidos-API] error : POST /pedidos - pedidos is not defined
2022-05-09T12:53:15.298Z [Pedidos-API] info : API iniciada com sucesso...
2022-05-09T12:53:17.564Z [Pedidos-API] info : API iniciada com sucesso...
2022-05-09T12:53:46.005Z [Pedidos-API] info : API iniciada com sucesso...
2022-05-09T12:53:52.796Z [Pedidos-API] info : POST /pedidos
2022-05-09T13:53:59.140Z [Pedidos-API] info : API iniciada com sucesso...
2022-05-09T13:54:04.469Z [Pedidos-API] info : API iniciada com sucesso...
2022-05-09T13:54:15.848Z [Pedidos-API] info : API iniciada com sucesso...
2022-05-09T13:54:17.416Z [Pedidos-API] info : API iniciada com sucesso...
2022-05-09T13:54:19.947Z [Pedidos-API] info : API iniciada com sucesso...
2022-05-09T13:54:25.362Z [Pedidos-API] info : API iniciada com sucesso...
2022-05-09T13:54:41.202Z [Pedidos-API] info : API iniciada com sucesso...
2022-05-09T13:54:42.186Z [Pedidos-API] info : API iniciada com sucesso...
2022-05-09T13:54:54.702Z [Pedidos-API] info : API iniciada com sucesso...
2022-05-09T13:55:03.569Z [Pedidos-API] info : API iniciada com sucesso...
2022-05-09T13:55:20.227Z [Pedidos-API] info : API iniciada com sucesso...
2022-05-09T13:55:24.980Z [Pedidos-API] info : API iniciada com sucesso...
2022-05-09T13:55:41.265Z [Pedidos-API] info : API iniciada com sucesso...
2022-05-09T13:56:54.669Z [Pedidos-API] info : API iniciada com sucesso...
2022-05-09T13:56:58.714Z [Pedidos-API] info : API iniciada com sucesso...
2022-05-09T13:57:00.962Z [Pedidos-API] info : API iniciada com sucesso...
2022-05-09T13:57:09.348Z [Pedidos-API] info : API iniciada com sucesso...
2022-05-09T13:57:14.911Z [Pedidos-API] info : API iniciada com sucesso...
2022-05-09T13:57:25.730Z [Pedidos-API] info : API iniciada com sucesso...
2022-05-09T13:57:29.534Z [Pedidos-API] info : API iniciada com sucesso...
2022-05-09T13:57:45.441Z [Pedidos-API] info : API iniciada com sucesso...
2022-05-09T13:57:54.640Z [Pedidos-API] info : API iniciada com sucesso...
2022-05-09T13:57:57.581Z [Pedidos-API] info : API iniciada com sucesso...
2022-05-09T13:58:01.103Z [Pedidos-API] info : API iniciada com sucesso...
2022-05-09T13:58:03.650Z [Pedidos-API] info : API iniciada com sucesso...
2022-05-09T13:58:07.771Z [Pedidos-API] info : API iniciada com sucesso...
2022-05-09T13:58:10.785Z [Pedidos-API] info : API iniciada com sucesso...
2022-05-09T13:58:17.348Z [Pedidos-API] info : API iniciada com sucesso...
2022-05-09T13:58:19.692Z [Pedidos-API] info : API iniciada com sucesso...
2022-05-09T13:58:21.034Z [Pedidos-API] info : API iniciada com sucesso...
2022-05-09T13:58:24.351Z [Pedidos-API] info : API iniciada com sucesso...
2022-05-09T13:58:25.827Z [Pedidos-API] info : API iniciada com sucesso...
2022-05-09T13:58:31.678Z [Pedidos-API] info : API iniciada com sucesso...
2022-05-09T13:58:32.855Z [Pedidos-API] info : API iniciada com sucesso...
2022-05-09T13:58:37.878Z [Pedidos-API] info : API iniciada com sucesso...
2022-05-09T13:58:39.903Z [Pedidos-API] info : API iniciada com sucesso...
2022-05-09T13:58:46.924Z [Pedidos-API] info : API iniciada com sucesso...
2022-05-09T13:58:51.855Z [Pedidos-API] info : API iniciada com sucesso...
2022-05-09T13:58:54.625Z [Pedidos-API] info : API iniciada com sucesso...
2022-05-09T13:58:57.319Z [Pedidos-API] info : API iniciada com sucesso...
2022-05-09T13:59:12.946Z [Pedidos-API] info : API iniciada com sucesso...
2022-05-09T13:59:16.838Z [Pedidos-API] info : API iniciada com sucesso...
2022-05-09T13:59:19.955Z [Pedidos-API] info : API iniciada com sucesso...
2022-05-09T13:59:35.246Z [Pedidos-API] info : API iniciada com sucesso...
2022-05-09T13:59:38.582Z [Pedidos-API] info : API iniciada com sucesso...
2022-05-09T13:59:43.756Z [Pedidos-API] info : API iniciada com sucesso...
2022-05-09T13:59:45.340Z [Pedidos-API] info : API iniciada com sucesso...
2022-05-09T13:59:47.462Z [Pedidos-API] info : API iniciada com sucesso...
2022-05-09T13:59:51.513Z [Pedidos-API] info : API iniciada com sucesso...
2022-05-09T13:59:54.813Z [Pedidos-API] info : API iniciada com sucesso...
2022-05-09T13:59:56.059Z [Pedidos-API] info : API iniciada com sucesso...
2022-05-09T14:00:01.144Z [Pedidos-API] info : API iniciada com sucesso...
2022-05-09T14:00:06.646Z [Pedidos-API] info : API iniciada com sucesso...
2022-05-09T14:00:11.488Z [Pedidos-API] info : API iniciada com sucesso...
2022-05-09T14:00:14.764Z [Pedidos-API] info : API iniciada com sucesso...
2022-05-09T14:00:16.696Z [Pedidos-API] info : API iniciada com sucesso...
2022-05-09T14:00:17.846Z [Pedidos-API] info : API iniciada com sucesso...
2022-05-09T14:00:24.275Z [Pedidos-API] info : API iniciada com sucesso...
2022-05-09T14:00:28.935Z [Pedidos-API] info : API iniciada com sucesso...
2022-05-09T14:00:31.419Z [Pedidos-API] info : API iniciada com sucesso...
2022-05-09T14:00:44.174Z [Pedidos-API] info : API iniciada com sucesso...
2022-05-09T14:00:57.340Z [Pedidos-API] info : API iniciada com sucesso...
2022-05-09T14:01:00.825Z [Pedidos-API] info : API iniciada com sucesso...
2022-05-09T14:01:19.266Z [Pedidos-API] info : API iniciada com sucesso...
2022-05-09T14:01:30.690Z [Pedidos-API] info : API iniciada com sucesso...
2022-05-09T14:01:31.667Z [Pedidos-API] info : API iniciada com sucesso...
2022-05-09T14:01:39.083Z [Pedidos-API] info : API iniciada com sucesso...
2022-05-09T14:02:15.147Z [Pedidos-API] info : API iniciada com sucesso...
2022-05-09T14:07:59.015Z [Pedidos-API] info : PUT /pedidos - {"id":502,"cliente":"Pedro Geromel da Geral","produto":"Camisa de Futebol","valor":349.99,"entregue":true}
2022-05-09T14:09:10.369Z [Pedidos-API] info : API iniciada com sucesso...
2022-05-09T14:09:27.520Z [Pedidos-API] info : API iniciada com sucesso...
2022-05-09T14:09:31.021Z [Pedidos-API] info : API iniciada com sucesso...
2022-05-09T14:09:38.221Z [Pedidos-API] info : API iniciada com sucesso...
2022-05-09T14:09:42.724Z [Pedidos-API] info : API iniciada com sucesso...
2022-05-09T14:09:46.305Z [Pedidos-API] info : API iniciada com sucesso...
2022-05-09T14:09:55.562Z [Pedidos-API] info : API iniciada com sucesso...
2022-05-09T14:10:00.389Z [Pedidos-API] info : API iniciada com sucesso...
2022-05-09T14:10:05.039Z [Pedidos-API] info : API iniciada com sucesso...
2022-05-09T14:10:12.841Z [Pedidos-API] info : API iniciada com sucesso...
2022-05-09T14:10:25.202Z [Pedidos-API] info : API iniciada com sucesso...
2022-05-09T14:10:37.401Z [Pedidos-API] info : API iniciada com sucesso...
2022-05-09T14:10:49.316Z [Pedidos-API] info : API iniciada com sucesso...
2022-05-09T14:10:51.678Z [Pedidos-API] info : API iniciada com sucesso...
2022-05-09T14:10:54.455Z [Pedidos-API] info : API iniciada com sucesso...
2022-05-09T14:10:57.014Z [Pedidos-API] info : API iniciada com sucesso...
2022-05-09T14:10:58.776Z [Pedidos-API] info : API iniciada com sucesso...
2022-05-09T14:11:11.775Z [Pedidos-API] info : API iniciada com sucesso...
2022-05-09T14:11:15.472Z [Pedidos-API] info : API iniciada com sucesso...
2022-05-09T14:11:23.992Z [Pedidos-API] info : API iniciada com sucesso...
2022-05-09T14:11:29.277Z [Pedidos-API] info : API iniciada com sucesso...
2022-05-09T14:11:30.655Z [Pedidos-API] info : API iniciada com sucesso...
2022-05-09T14:11:40.529Z [Pedidos-API] info : API iniciada com sucesso...
2022-05-09T14:11:48.571Z [Pedidos-API] info : API iniciada com sucesso...
2022-05-09T14:11:59.921Z [Pedidos-API] info : API iniciada com sucesso...
2022-05-09T14:12:01.377Z [Pedidos-API] info : API iniciada com sucesso...
2022-05-09T14:12:05.614Z [Pedidos-API] info : API iniciada com sucesso...
2022-05-09T14:12:06.779Z [Pedidos-API] info : API iniciada com sucesso...
2022-05-09T14:12:10.375Z [Pedidos-API] info : API iniciada com sucesso...
2022-05-09T14:12:13.158Z [Pedidos-API] info : API iniciada com sucesso...
2022-05-09T14:12:15.755Z [Pedidos-API] info : API iniciada com sucesso...
2022-05-09T14:12:29.886Z [Pedidos-API] info : API iniciada com sucesso...
2022-05-09T14:12:37.896Z [Pedidos-API] info : API iniciada com sucesso...
2022-05-09T14:12:43.616Z [Pedidos-API] info : API iniciada com sucesso...
2022-05-09T14:12:51.029Z [Pedidos-API] info : API iniciada com sucesso...
2022-05-09T14:13:05.979Z [Pedidos-API] info : API iniciada com sucesso...
2022-05-09T14:13:13.256Z [Pedidos-API] info : API iniciada com sucesso...
2022-05-09T14:13:37.499Z [Pedidos-API] info : API iniciada com sucesso...
2022-05-09T14:13:43.359Z [Pedidos-API] info : API iniciada com sucesso...
2022-05-09T14:13:49.376Z [Pedidos-API] info : API iniciada com sucesso...
2022-05-09T14:13:54.542Z [Pedidos-API] info : API iniciada com sucesso...
2022-05-09T14:14:00.613Z [Pedidos-API] info : API iniciada com sucesso...
2022-05-09T14:14:04.689Z [Pedidos-API] info : API iniciada com sucesso...
2022-05-09T14:14:08.017Z [Pedidos-API] info : API iniciada com sucesso...
2022-05-09T14:14:10.265Z [Pedidos-API] info : API iniciada com sucesso...
2022-05-09T14:14:14.355Z [Pedidos-API] info : API iniciada com sucesso...
2022-05-09T14:14:16.466Z [Pedidos-API] info : API iniciada com sucesso...
2022-05-09T14:14:19.574Z [Pedidos-API] info : API iniciada com sucesso...
2022-05-09T14:14:21.307Z [Pedidos-API] info : API iniciada com sucesso...
2022-05-09T14:14:30.791Z [Pedidos-API] info : API iniciada com sucesso...
2022-05-09T14:14:36.774Z [Pedidos-API] info : API iniciada com sucesso...
2022-05-09T14:14:38.069Z [Pedidos-API] info : API iniciada com sucesso...
2022-05-09T14:14:44.529Z [Pedidos-API] info : API iniciada com sucesso...
2022-05-09T14:14:45.925Z [Pedidos-API] info : API iniciada com sucesso...
2022-05-09T14:14:52.890Z [Pedidos-API] info : API iniciada com sucesso...
2022-05-09T14:14:55.916Z [Pedidos-API] info : API iniciada com sucesso...
2022-05-09T14:16:17.677Z [Pedidos-API] error : PATCH /pedidos - global.fileName.info is not a function
2022-05-09T14:17:22.504Z [Pedidos-API] info : API iniciada com sucesso...
2022-05-09T14:18:20.475Z [Pedidos-API] info : API iniciada com sucesso...
2022-05-09T14:18:28.571Z [Pedidos-API] info : API iniciada com sucesso...
2022-05-09T14:18:32.028Z [Pedidos-API] info : API iniciada com sucesso...
2022-05-09T14:18:41.376Z [Pedidos-API] info : API iniciada com sucesso...
2022-05-09T14:18:54.097Z [Pedidos-API] info : PATCH /pedidos/atualizaEstadoEntrega - {"id":501,"entregue":false}
2022-05-09T14:19:30.139Z [Pedidos-API] info : API iniciada com sucesso...
2022-05-09T14:19:32.310Z [Pedidos-API] info : API iniciada com sucesso...
2022-05-09T14:19:41.470Z [Pedidos-API] info : API iniciada com sucesso...
2022-05-09T14:19:45.198Z [Pedidos-API] info : API iniciada com sucesso...
2022-05-09T14:19:48.976Z [Pedidos-API] info : API iniciada com sucesso...
2022-05-09T14:20:06.925Z [Pedidos-API] info : API iniciada com sucesso...
2022-05-09T14:20:17.480Z [Pedidos-API] info : API iniciada com sucesso...
2022-05-09T14:20:24.521Z [Pedidos-API] info : API iniciada com sucesso...
2022-05-09T14:20:28.474Z [Pedidos-API] info : API iniciada com sucesso...
2022-05-09T14:20:32.527Z [Pedidos-API] info : API iniciada com sucesso...
2022-05-09T14:20:46.979Z [Pedidos-API] info : API iniciada com sucesso...
2022-05-09T14:20:52.287Z [Pedidos-API] info : API iniciada com sucesso...
2022-05-09T14:21:03.173Z [Pedidos-API] info : API iniciada com sucesso...
2022-05-09T14:21:13.976Z [Pedidos-API] info : API iniciada com sucesso...
2022-05-09T14:21:18.044Z [Pedidos-API] info : API iniciada com sucesso...
2022-05-09T14:21:23.318Z [Pedidos-API] info : API iniciada com sucesso...
2022-05-09T14:21:25.243Z [Pedidos-API] info : API iniciada com sucesso...
2022-05-09T14:21:30.409Z [Pedidos-API] info : API iniciada com sucesso...
2022-05-09T14:21:32.260Z [Pedidos-API] info : API iniciada com sucesso...
2022-05-09T14:21:38.587Z [Pedidos-API] info : API iniciada com sucesso...
2022-05-09T14:21:40.375Z [Pedidos-API] info : API iniciada com sucesso...
2022-05-09T14:21:42.391Z [Pedidos-API] info : API iniciada com sucesso...
2022-05-09T14:21:51.029Z [Pedidos-API] info : API iniciada com sucesso...
2022-05-09T14:21:53.375Z [Pedidos-API] info : API iniciada com sucesso...
2022-05-09T14:22:00.129Z [Pedidos-API] info : API iniciada com sucesso...
2022-05-09T14:22:13.662Z [Pedidos-API] info : API iniciada com sucesso...
2022-05-09T14:22:16.506Z [Pedidos-API] info : API iniciada com sucesso...
2022-05-09T14:22:35.636Z [Pedidos-API] info : API iniciada com sucesso...
2022-05-09T14:22:39.182Z [Pedidos-API] info : API iniciada com sucesso...
2022-05-09T14:23:01.852Z [Pedidos-API] info : API iniciada com sucesso...
2022-05-09T14:23:14.231Z [Pedidos-API] info : API iniciada com sucesso...
2022-05-09T14:23:24.624Z [Pedidos-API] info : API iniciada com sucesso...
2022-05-09T14:23:27.905Z [Pedidos-API] info : API iniciada com sucesso...
2022-05-09T14:23:29.198Z [Pedidos-API] info : API iniciada com sucesso...
2022-05-09T14:23:31.616Z [Pedidos-API] info : API iniciada com sucesso...
2022-05-09T14:23:43.299Z [Pedidos-API] info : API iniciada com sucesso...
2022-05-09T14:24:11.789Z [Pedidos-API] info : API iniciada com sucesso...
2022-05-09T14:24:23.273Z [Pedidos-API] info : API iniciada com sucesso...
2022-05-09T14:24:25.367Z [Pedidos-API] info : API iniciada com sucesso...
2022-05-09T14:24:31.748Z [Pedidos-API] info : API iniciada com sucesso...
2022-05-09T14:24:38.134Z [Pedidos-API] info : API iniciada com sucesso...
2022-05-09T14:24:45.134Z [Pedidos-API] info : API iniciada com sucesso...
2022-05-09T14:24:47.708Z [Pedidos-API] info : API iniciada com sucesso...
2022-05-09T14:24:50.608Z [Pedidos-API] info : API iniciada com sucesso...
2022-05-09T14:24:56.057Z [Pedidos-API] info : API iniciada com sucesso...
2022-05-09T14:25:00.081Z [Pedidos-API] info : API iniciada com sucesso...
2022-05-09T14:25:02.422Z [Pedidos-API] info : API iniciada com sucesso...
2022-05-09T14:25:09.005Z [Pedidos-API] info : API iniciada com sucesso...
2022-05-09T14:25:18.201Z [Pedidos-API] info : API iniciada com sucesso...
2022-05-09T14:25:20.424Z [Pedidos-API] info : API iniciada com sucesso...
2022-05-09T14:25:24.145Z [Pedidos-API] info : API iniciada com sucesso...
2022-05-09T14:25:27.961Z [Pedidos-API] info : API iniciada com sucesso...
2022-05-09T14:25:38.947Z [Pedidos-API] info : API iniciada com sucesso...
2022-05-09T14:25:52.643Z [Pedidos-API] info : API iniciada com sucesso...
2022-05-09T14:27:48.168Z [Pedidos-API] info : DELETE /pedidos - 501 - Registro excluído com sucesso.
2022-05-09T20:35:17.132Z [Pedidos-API] info : API iniciada com sucesso...
2022-05-09T20:35:27.862Z [Pedidos-API] info : API iniciada com sucesso...
2022-05-09T20:35:36.409Z [Pedidos-API] info : API iniciada com sucesso...
2022-05-09T20:35:37.812Z [Pedidos-API] info : API iniciada com sucesso...
2022-05-09T20:35:40.845Z [Pedidos-API] info : API iniciada com sucesso...
2022-05-09T20:35:46.795Z [Pedidos-API] info : API iniciada com sucesso...
2022-05-09T20:36:13.869Z [Pedidos-API] info : API iniciada com sucesso...
2022-05-09T20:36:28.608Z [Pedidos-API] info : API iniciada com sucesso...
2022-05-09T20:36:30.517Z [Pedidos-API] info : API iniciada com sucesso...
2022-05-09T20:36:41.956Z [Pedidos-API] info : API iniciada com sucesso...
2022-05-09T20:36:48.095Z [Pedidos-API] info : API iniciada com sucesso...
2022-05-09T20:36:58.537Z [Pedidos-API] info : API iniciada com sucesso...
2022-05-09T20:37:10.802Z [Pedidos-API] info : API iniciada com sucesso...
2022-05-09T20:37:31.180Z [Pedidos-API] info : API iniciada com sucesso...
2022-05-09T20:37:48.676Z [Pedidos-API] info : API iniciada com sucesso...
2022-05-09T20:38:01.225Z [Pedidos-API] info : API iniciada com sucesso...
2022-05-09T20:38:20.920Z [Pedidos-API] info : API iniciada com sucesso...
2022-05-09T20:38:40.115Z [Pedidos-API] info : API iniciada com sucesso...
2022-05-09T20:39:04.911Z [Pedidos-API] info : API iniciada com sucesso...
2022-05-09T20:39:09.331Z [Pedidos-API] info : API iniciada com sucesso...
2022-05-09T20:39:21.044Z [Pedidos-API] info : API iniciada com sucesso...
2022-05-09T20:39:42.322Z [Pedidos-API] info : API iniciada com sucesso...
2022-05-09T20:39:47.786Z [Pedidos-API] info : API iniciada com sucesso...
2022-05-09T20:39:55.345Z [Pedidos-API] info : API iniciada com sucesso...
2022-05-09T20:39:59.784Z [Pedidos-API] info : API iniciada com sucesso...
2022-05-09T20:40:08.650Z [Pedidos-API] info : API iniciada com sucesso...
2022-05-09T20:40:16.686Z [Pedidos-API] info : API iniciada com sucesso...
2022-05-09T20:40:19.908Z [Pedidos-API] info : API iniciada com sucesso...
2022-05-09T20:40:21.525Z [Pedidos-API] info : API iniciada com sucesso...
2022-05-09T20:40:23.701Z [Pedidos-API] info : API iniciada com sucesso...
2022-05-09T20:40:26.304Z [Pedidos-API] info : API iniciada com sucesso...
2022-05-09T20:40:35.253Z [Pedidos-API] info : API iniciada com sucesso...
2022-05-09T20:40:41.758Z [Pedidos-API] info : API iniciada com sucesso...
2022-05-09T20:40:46.741Z [Pedidos-API] info : API iniciada com sucesso...
2022-05-09T20:40:50.670Z [Pedidos-API] info : API iniciada com sucesso...
2022-05-09T20:40:58.703Z [Pedidos-API] info : API iniciada com sucesso...
2022-05-09T20:41:01.764Z [Pedidos-API] info : API iniciada com sucesso...
2022-05-09T20:41:08.206Z [Pedidos-API] info : API iniciada com sucesso...
2022-05-09T20:41:09.403Z [Pedidos-API] info : API iniciada com sucesso...
2022-05-09T20:41:12.504Z [Pedidos-API] info : API iniciada com sucesso...
2022-05-09T20:41:14.970Z [Pedidos-API] info : API iniciada com sucesso...
2022-05-09T20:41:19.679Z [Pedidos-API] info : API iniciada com sucesso...
2022-05-09T20:41:23.275Z [Pedidos-API] info : API iniciada com sucesso...
2022-05-09T20:41:28.488Z [Pedidos-API] info : API iniciada com sucesso...
2022-05-09T20:41:43.808Z [Pedidos-API] info : API iniciada com sucesso...
2022-05-09T20:41:47.658Z [Pedidos-API] info : API iniciada com sucesso...
2022-05-09T20:41:54.665Z [Pedidos-API] info : API iniciada com sucesso...
2022-05-09T20:41:57.426Z [Pedidos-API] info : API iniciada com sucesso...
2022-05-09T20:42:02.688Z [Pedidos-API] info : API iniciada com sucesso...
2022-05-09T20:42:04.637Z [Pedidos-API] info : API iniciada com sucesso...
2022-05-09T20:42:13.480Z [Pedidos-API] info : API iniciada com sucesso...
2022-05-09T20:42:24.673Z [Pedidos-API] info : API iniciada com sucesso...
2022-05-09T20:42:27.512Z [Pedidos-API] info : API iniciada com sucesso...
2022-05-09T20:42:34.110Z [Pedidos-API] info : API iniciada com sucesso...
2022-05-09T20:42:36.786Z [Pedidos-API] info : API iniciada com sucesso...
2022-05-09T20:42:38.222Z [Pedidos-API] info : API iniciada com sucesso...
2022-05-09T20:42:39.197Z [Pedidos-API] info : API iniciada com sucesso...
2022-05-09T20:43:04.014Z [Pedidos-API] error : DELETE /pedidos - pedido is not defined
2022-05-09T20:43:46.560Z [Pedidos-API] info : API iniciada com sucesso...
2022-05-09T20:43:49.833Z [Pedidos-API] info : API iniciada com sucesso...
2022-05-09T20:43:55.420Z [Pedidos-API] info : DELETE /pedidos - 502 - Registro excluído com sucesso.
2022-05-09T20:44:13.539Z [Pedidos-API] info : GET /pedidos
2022-05-09T20:44:17.663Z [Pedidos-API] error : GET /pedidos - Cannot read properties of undefined (reading 'id')
2022-05-09T20:45:09.441Z [Pedidos-API] info : API iniciada com sucesso...
2022-05-09T20:45:09.454Z [Pedidos-API] info : GET /pedidos/:id - 1
2022-05-09T20:45:13.702Z [Pedidos-API] info : GET /pedidos/:id - 1
2022-05-09T20:45:19.127Z [Pedidos-API] info : GET /pedidos/:id - 2
2022-05-09T20:48:34.360Z [Pedidos-API] info : API iniciada com sucesso...
2022-05-09T20:48:49.844Z [Pedidos-API] info : API iniciada com sucesso...
2022-05-09T20:48:55.956Z [Pedidos-API] info : API iniciada com sucesso...
2022-05-09T20:49:20.563Z [Pedidos-API] info : API iniciada com sucesso...
2022-05-09T20:49:24.519Z [Pedidos-API] info : API iniciada com sucesso...
2022-05-09T20:49:26.881Z [Pedidos-API] info : API iniciada com sucesso...
2022-05-09T20:49:28.379Z [Pedidos-API] info : API iniciada com sucesso...
2022-05-09T20:51:44.844Z [Pedidos-API] info : GET /pedidos
2022-05-09T20:52:13.800Z [Pedidos-API] info : API iniciada com sucesso...
2022-05-09T20:52:16.304Z [Pedidos-API] info : API iniciada com sucesso...
2022-05-09T20:52:19.937Z [Pedidos-API] info : API iniciada com sucesso...
2022-05-09T20:52:22.967Z [Pedidos-API] info : API iniciada com sucesso...
2022-05-09T20:52:30.992Z [Pedidos-API] info : API iniciada com sucesso...
2022-05-09T20:53:40.829Z [Pedidos-API] info : API iniciada com sucesso...
2022-05-09T20:53:44.721Z [Pedidos-API] info : API iniciada com sucesso...
2022-05-09T20:53:50.650Z [Pedidos-API] info : API iniciada com sucesso...
2022-05-09T20:53:55.059Z [Pedidos-API] info : API iniciada com sucesso...
2022-05-09T20:54:02.979Z [Pedidos-API] info : API iniciada com sucesso...
2022-05-09T20:54:13.795Z [Pedidos-API] info : API iniciada com sucesso...
2022-05-09T20:54:32.384Z [Pedidos-API] info : API iniciada com sucesso...
2022-05-09T20:54:50.056Z [Pedidos-API] info : API iniciada com sucesso...
2022-05-09T20:55:18.891Z [Pedidos-API] info : API iniciada com sucesso...
2022-05-09T20:55:25.459Z [Pedidos-API] info : API iniciada com sucesso...
2022-05-09T20:55:27.219Z [Pedidos-API] info : API iniciada com sucesso...
2022-05-09T20:55:31.083Z [Pedidos-API] info : API iniciada com sucesso...
2022-05-09T20:55:41.601Z [Pedidos-API] info : API iniciada com sucesso...
2022-05-09T20:58:20.508Z [Pedidos-API] info : API iniciada com sucesso...
2022-05-09T20:58:28.784Z [Pedidos-API] info : API iniciada com sucesso...
2022-05-09T20:58:32.092Z [Pedidos-API] info : API iniciada com sucesso...
2022-05-09T20:58:33.977Z [Pedidos-API] info : API iniciada com sucesso...
2022-05-09T20:58:41.463Z [Pedidos-API] info : API iniciada com sucesso...
2022-05-09T21:00:11.031Z [Pedidos-API] info : API iniciada com sucesso...
2022-05-09T21:00:15.690Z [Pedidos-API] info : API iniciada com sucesso...
2022-05-09T21:00:19.065Z [Pedidos-API] info : API iniciada com sucesso...
2022-05-09T21:00:23.331Z [Pedidos-API] info : API iniciada com sucesso...
2022-05-09T21:00:25.937Z [Pedidos-API] info : API iniciada com sucesso...
2022-05-09T21:00:31.529Z [Pedidos-API] info : API iniciada com sucesso...
2022-05-09T21:00:49.034Z [Pedidos-API] info : API iniciada com sucesso...
2022-05-09T21:00:52.957Z [Pedidos-API] info : API iniciada com sucesso...
2022-05-09T21:01:08.106Z [Pedidos-API] info : GET /pedidos
2022-05-09T21:01:19.854Z [Pedidos-API] info : GET /pedidos
2022-05-09T21:02:06.785Z [Pedidos-API] info : GET /pedidos
2022-05-09T21:02:11.398Z [Pedidos-API] info : GET /pedidos
2022-05-09T21:02:27.092Z [Pedidos-API] info : GET /pedidos
2022-05-09T21:02:34.253Z [Pedidos-API] info : GET /pedidos
2022-05-09T21:03:32.707Z [Pedidos-API] info : API iniciada com sucesso...
2022-05-09T21:03:35.659Z [Pedidos-API] info : API iniciada com sucesso...
2022-05-09T21:03:39.738Z [Pedidos-API] info : GET /pedidos
2022-05-09T21:03:57.962Z [Pedidos-API] info : API iniciada com sucesso...
2022-05-09T21:04:01.243Z [Pedidos-API] info : GET /pedidos
2022-05-09T21:04:13.026Z [Pedidos-API] info : API iniciada com sucesso...
2022-05-09T21:04:16.008Z [Pedidos-API] info : API iniciada com sucesso...
2022-05-09T21:04:17.818Z [Pedidos-API] info : API iniciada com sucesso...
2022-05-09T21:04:19.376Z [Pedidos-API] info : GET /pedidos
2022-05-09T21:04:26.527Z [Pedidos-API] info : API iniciada com sucesso...
2022-05-09T21:06:29.823Z [Pedidos-API] info : API iniciada com sucesso...
2022-05-09T21:06:37.063Z [Pedidos-API] info : API iniciada com sucesso...
2022-05-09T21:06:47.112Z [Pedidos-API] info : API iniciada com sucesso...
2022-05-09T21:07:03.555Z [Pedidos-API] info : API iniciada com sucesso...
2022-05-09T21:07:16.813Z [Pedidos-API] info : API iniciada com sucesso...
2022-05-09T21:07:25.008Z [Pedidos-API] info : API iniciada com sucesso...
2022-05-09T21:07:26.697Z [Pedidos-API] info : API iniciada com sucesso...
2022-05-09T21:07:27.865Z [Pedidos-API] info : API iniciada com sucesso...
2022-05-09T21:08:16.163Z [Pedidos-API] error : POST /pedidos - pedidos is not defined
2022-05-09T21:08:37.519Z [Pedidos-API] info : API iniciada com sucesso...
2022-05-09T21:09:05.445Z [Pedidos-API] info : API iniciada com sucesso...
2022-05-09T21:09:22.090Z [Pedidos-API] info : API iniciada com sucesso...
2022-05-09T21:09:26.585Z [Pedidos-API] info : API iniciada com sucesso...
2022-05-09T21:10:33.772Z [Pedidos-API] info : API iniciada com sucesso...
2022-05-09T21:10:35.892Z [Pedidos-API] info : API iniciada com sucesso...
2022-05-09T21:10:37.391Z [Pedidos-API] info : API iniciada com sucesso...
2022-05-09T21:10:49.675Z [Pedidos-API] info : API iniciada com sucesso...
2022-05-09T21:11:11.278Z [Pedidos-API] info : API iniciada com sucesso...
2022-05-09T21:11:14.980Z [Pedidos-API] info : API iniciada com sucesso...
2022-05-09T21:11:17.611Z [Pedidos-API] info : API iniciada com sucesso...
2022-05-09T21:11:23.199Z [Pedidos-API] info : API iniciada com sucesso...
2022-05-09T21:11:50.373Z [Pedidos-API] info : API iniciada com sucesso...
2022-05-09T21:12:04.999Z [Pedidos-API] info : POST /pedidos
2022-05-09T21:12:18.991Z [Pedidos-API] info : POST /pedidos
2022-05-09T21:13:09.493Z [Pedidos-API] info : API iniciada com sucesso...
2022-05-09T21:13:11.909Z [Pedidos-API] info : API iniciada com sucesso...
2022-05-09T21:13:22.962Z [Pedidos-API] info : API iniciada com sucesso...
2022-05-09T21:13:26.733Z [Pedidos-API] info : API iniciada com sucesso...
2022-05-09T21:13:32.549Z [Pedidos-API] info : API iniciada com sucesso...
2022-05-09T21:13:47.430Z [Pedidos-API] info : API iniciada com sucesso...
2022-05-09T21:13:51.317Z [Pedidos-API] info : API iniciada com sucesso...
2022-05-09T21:13:54.343Z [Pedidos-API] info : API iniciada com sucesso...
2022-05-09T21:14:00.964Z [Pedidos-API] info : API iniciada com sucesso...
2022-05-09T21:14:10.070Z [Pedidos-API] info : API iniciada com sucesso...
2022-05-09T21:14:11.278Z [Pedidos-API] info : API iniciada com sucesso...
2022-05-09T21:14:22.848Z [Pedidos-API] info : API iniciada com sucesso...
2022-05-09T21:14:29.028Z [Pedidos-API] info : POST /pedidos
2022-05-09T21:14:48.375Z [Pedidos-API] error : POST /pedidos - Invalid status code: NaN
2022-05-09T21:15:17.648Z [Pedidos-API] info : API iniciada com sucesso...
2022-05-09T21:15:20.879Z [Pedidos-API] info : API iniciada com sucesso...
2022-05-09T21:15:21.799Z [Pedidos-API] error : POST /pedidos - Invalid status code: NaN
2022-05-09T21:15:45.886Z [Pedidos-API] info : API iniciada com sucesso...
2022-05-09T21:16:18.094Z [Pedidos-API] info : API iniciada com sucesso...
2022-05-09T21:16:40.636Z [Pedidos-API] info : API iniciada com sucesso...
2022-05-09T21:16:45.375Z [Pedidos-API] info : API iniciada com sucesso...
2022-05-09T21:16:53.224Z [Pedidos-API] info : API iniciada com sucesso...
2022-05-09T21:16:54.557Z [Pedidos-API] info : API iniciada com sucesso...
2022-05-09T21:18:06.108Z [Pedidos-API] info : API iniciada com sucesso...
2022-05-09T21:18:09.447Z [Pedidos-API] info : API iniciada com sucesso...
2022-05-09T21:18:13.423Z [Pedidos-API] info : API iniciada com sucesso...
2022-05-09T21:18:16.677Z [Pedidos-API] info : API iniciada com sucesso...
2022-05-09T21:18:21.638Z [Pedidos-API] info : API iniciada com sucesso...
2022-05-09T21:18:27.632Z [Pedidos-API] info : API iniciada com sucesso...
2022-05-09T21:18:37.330Z [Pedidos-API] info : API iniciada com sucesso...
2022-05-09T21:18:41.675Z [Pedidos-API] info : API iniciada com sucesso...
2022-05-09T21:18:45.032Z [Pedidos-API] info : API iniciada com sucesso...
2022-05-09T21:18:47.496Z [Pedidos-API] info : API iniciada com sucesso...
2022-05-09T21:19:48.347Z [Pedidos-API] info : API iniciada com sucesso...
2022-05-09T21:20:20.502Z [Pedidos-API] info : API iniciada com sucesso...
2022-05-09T21:20:32.714Z [Pedidos-API] info : API iniciada com sucesso...
2022-05-09T21:20:34.633Z [Pedidos-API] info : API iniciada com sucesso...
2022-05-09T21:20:44.618Z [Pedidos-API] info : API iniciada com sucesso...
2022-05-09T21:20:53.668Z [Pedidos-API] info : API iniciada com sucesso...
2022-05-09T21:20:58.331Z [Pedidos-API] info : API iniciada com sucesso...
2022-05-09T21:21:04.419Z [Pedidos-API] info : API iniciada com sucesso...
2022-05-09T21:21:16.017Z [Pedidos-API] error : POST /pedidos - Invalid status code: 0
2022-05-09T21:22:05.745Z [Pedidos-API] info : API iniciada com sucesso...
2022-05-09T21:22:11.989Z [Pedidos-API] info : API iniciada com sucesso...
2022-05-09T21:22:15.629Z [Pedidos-API] info : API iniciada com sucesso...
2022-05-09T21:22:17.493Z [Pedidos-API] error : POST /pedidos - Invalid status code: 0
2022-05-09T21:22:52.312Z [Pedidos-API] info : API iniciada com sucesso...
2022-05-09T21:24:18.616Z [Pedidos-API] info : API iniciada com sucesso...
2022-05-09T21:24:56.764Z [Pedidos-API] info : API iniciada com sucesso...
2022-05-09T21:24:59.015Z [Pedidos-API] info : API iniciada com sucesso...
2022-05-09T21:25:14.549Z [Pedidos-API] info : API iniciada com sucesso...
2022-05-09T21:25:37.804Z [Pedidos-API] info : API iniciada com sucesso...
2022-05-09T21:25:41.529Z [Pedidos-API] info : API iniciada com sucesso...
2022-05-09T21:25:49.194Z [Pedidos-API] error : POST /pedidos - total is not defined
2022-05-09T21:26:05.860Z [Pedidos-API] info : API iniciada com sucesso...
2022-05-09T21:27:59.915Z [Pedidos-API] info : API iniciada com sucesso...
2022-05-09T21:28:01.777Z [Pedidos-API] info : API iniciada com sucesso...
2022-05-09T21:28:15.090Z [Pedidos-API] info : API iniciada com sucesso...
2022-05-09T21:29:26.567Z [Pedidos-API] info : GET /pedidos/:id - 407
2022-05-09T22:11:17.374Z [Pedidos-API] info : API iniciada com sucesso...
2022-05-09T22:11:20.500Z [Pedidos-API] info : API iniciada com sucesso...
2022-05-09T22:11:23.235Z [Pedidos-API] info : API iniciada com sucesso...
2022-05-09T22:11:25.537Z [Pedidos-API] info : API iniciada com sucesso...
2022-05-09T22:11:27.006Z [Pedidos-API] info : API iniciada com sucesso...
2022-05-09T22:11:42.446Z [Pedidos-API] info : API iniciada com sucesso...
2022-05-09T22:11:52.655Z [Pedidos-API] info : API iniciada com sucesso...
2022-05-09T22:11:54.826Z [Pedidos-API] info : API iniciada com sucesso...
2022-05-09T22:11:58.300Z [Pedidos-API] info : API iniciada com sucesso...
2022-05-09T22:12:02.620Z [Pedidos-API] info : API iniciada com sucesso...
2022-05-09T22:12:12.022Z [Pedidos-API] info : API iniciada com sucesso...
2022-05-09T22:12:15.998Z [Pedidos-API] info : API iniciada com sucesso...
2022-05-09T22:12:22.161Z [Pedidos-API] info : API iniciada com sucesso...
2022-05-09T22:12:36.080Z [Pedidos-API] info : API iniciada com sucesso...
2022-05-09T22:12:45.798Z [Pedidos-API] info : API iniciada com sucesso...
2022-05-09T22:12:47.700Z [Pedidos-API] info : API iniciada com sucesso...
2022-05-09T22:12:53.029Z [Pedidos-API] info : API iniciada com sucesso...
2022-05-09T22:12:56.315Z [Pedidos-API] info : API iniciada com sucesso...
2022-05-09T22:13:02.307Z [Pedidos-API] info : API iniciada com sucesso...
2022-05-09T22:13:42.334Z [Pedidos-API] info : API iniciada com sucesso...
2022-05-09T22:13:45.194Z [Pedidos-API] info : API iniciada com sucesso...
2022-05-09T22:13:47.584Z [Pedidos-API] info : API iniciada com sucesso...
2022-05-09T22:14:46.172Z [Pedidos-API] info : API iniciada com sucesso...
2022-05-09T22:15:49.284Z [Pedidos-API] info : API iniciada com sucesso...
2022-05-09T22:16:03.773Z [Pedidos-API] info : API iniciada com sucesso...
2022-05-09T22:16:05.460Z [Pedidos-API] info : API iniciada com sucesso...
2022-05-09T22:16:12.215Z [Pedidos-API] info : API iniciada com sucesso...
2022-05-09T22:16:13.351Z [Pedidos-API] info : API iniciada com sucesso...
2022-05-09T22:16:23.529Z [Pedidos-API] info : API iniciada com sucesso...
2022-05-09T22:16:27.147Z [Pedidos-API] info : API iniciada com sucesso...
2022-05-09T22:16:28.452Z [Pedidos-API] info : API iniciada com sucesso...
2022-05-09T22:16:30.273Z [Pedidos-API] info : API iniciada com sucesso...
2022-05-09T22:16:34.056Z [Pedidos-API] info : API iniciada com sucesso...
2022-05-09T22:16:46.521Z [Pedidos-API] info : API iniciada com sucesso...
2022-05-09T22:16:59.518Z [Pedidos-API] info : API iniciada com sucesso...
2022-05-09T22:17:01.493Z [Pedidos-API] info : API iniciada com sucesso...
2022-05-09T22:17:06.082Z [Pedidos-API] info : API iniciada com sucesso...
2022-05-09T22:17:07.557Z [Pedidos-API] info : API iniciada com sucesso...
2022-05-09T22:17:15.092Z [Pedidos-API] info : API iniciada com sucesso...
2022-05-09T22:17:59.518Z [Pedidos-API] info : API iniciada com sucesso...
2022-05-09T22:18:03.383Z [Pedidos-API] info : API iniciada com sucesso...
2022-05-09T22:18:06.507Z [Pedidos-API] info : API iniciada com sucesso...
2022-05-09T22:18:30.047Z [Pedidos-API] info : API iniciada com sucesso...
2022-05-09T22:18:45.451Z [Pedidos-API] info : API iniciada com sucesso...
2022-05-09T22:18:49.929Z [Pedidos-API] info : API iniciada com sucesso...
2022-05-09T22:18:54.724Z [Pedidos-API] info : API iniciada com sucesso...
2022-05-09T22:19:40.802Z [Pedidos-API] info : API iniciada com sucesso...
2022-05-09T22:19:42.686Z [Pedidos-API] info : API iniciada com sucesso...
2022-05-09T22:19:52.332Z [Pedidos-API] info : API iniciada com sucesso...
2022-05-09T22:19:59.775Z [Pedidos-API] info : API iniciada com sucesso...
2022-05-09T22:20:04.184Z [Pedidos-API] info : API iniciada com sucesso...
2022-05-09T22:20:51.205Z [Pedidos-API] info : POST /pedidos/valorProduto - 2184
2022-05-09T22:21:11.293Z [Pedidos-API] info : API iniciada com sucesso...
2022-05-09T22:21:13.405Z [Pedidos-API] info : API iniciada com sucesso...
2022-05-09T22:21:15.784Z [Pedidos-API] info : API iniciada com sucesso...
2022-05-09T22:22:07.217Z [Pedidos-API] info : API iniciada com sucesso...
2022-05-09T22:22:13.984Z [Pedidos-API] info : API iniciada com sucesso...
2022-05-09T22:22:21.617Z [Pedidos-API] info : API iniciada com sucesso...
2022-05-09T22:22:35.264Z [Pedidos-API] info : API iniciada com sucesso...
2022-05-09T22:22:40.650Z [Pedidos-API] info : API iniciada com sucesso...
2022-05-09T22:22:51.774Z [Pedidos-API] info : API iniciada com sucesso...
2022-05-09T22:22:54.721Z [Pedidos-API] info : API iniciada com sucesso...
2022-05-09T22:23:44.352Z [Pedidos-API] info : POST /pedidos/buscarPedidosCliente
2022-05-09T22:24:22.138Z [Pedidos-API] info : API iniciada com sucesso...
2022-05-09T22:25:17.443Z [Pedidos-API] info : API iniciada com sucesso...
2022-05-09T22:25:22.808Z [Pedidos-API] info : API iniciada com sucesso...
2022-05-09T22:25:36.422Z [Pedidos-API] info : API iniciada com sucesso...
2022-05-09T22:25:40.202Z [Pedidos-API] info : API iniciada com sucesso...
2022-05-09T22:25:44.461Z [Pedidos-API] info : API iniciada com sucesso...
2022-05-09T22:26:10.165Z [Pedidos-API] info : API iniciada com sucesso...
2022-05-09T22:26:44.424Z [Pedidos-API] info : API iniciada com sucesso...
2022-05-09T22:26:48.033Z [Pedidos-API] info : API iniciada com sucesso...
2022-05-09T22:26:50.327Z [Pedidos-API] info : API iniciada com sucesso...
2022-05-09T22:26:54.502Z [Pedidos-API] info : API iniciada com sucesso...
2022-05-09T22:26:55.773Z [Pedidos-API] info : API iniciada com sucesso...
2022-05-09T22:26:57.309Z [Pedidos-API] info : API iniciada com sucesso...
2022-05-10T11:27:27.304Z [Pedidos-API] info : API iniciada com sucesso...
2022-05-10T11:28:39.592Z [Pedidos-API] info : POST /pedidos/buscarPedidosCliente
2022-05-10T11:29:04.517Z [Pedidos-API] info : POST /pedidos/valorCliente - 325.5
2022-05-10T11:29:37.532Z [Pedidos-API] info : POST /pedidos/valorCliente - 381
2022-05-10T11:30:25.771Z [Pedidos-API] info : POST /pedidos/buscarPedidosCliente
2022-05-10T11:31:37.381Z [Pedidos-API] info : POST /pedidos/valorProduto - 1799.5
2022-05-10T11:32:15.530Z [Pedidos-API] info : POST /pedidos/valorProduto - 1914
2022-05-10T11:34:27.919Z [Pedidos-API] info : GET /pedidos
2022-05-10T11:35:55.547Z [Pedidos-API] info : POST /pedidos/valorProduto - 1885
2022-05-10T11:36:56.739Z [Pedidos-API] info : POST /pedidos/valorCliente - 215.5
2022-05-10T11:37:43.726Z [Pedidos-API] info : POST /pedidos/valorProduto - 1976
2022-05-10T11:38:43.866Z [Pedidos-API] info : DELETE /pedidos - 317 - Registro excluído com sucesso.
2022-05-10T11:39:12.352Z [Pedidos-API] info : POST /pedidos/valorProduto - 2048
2022-05-10T11:39:36.878Z [Pedidos-API] info : GET /pedidos/:id - 216
