2022-05-08T01:07:17.265Z [minha-API] info : API iniciada com sucesso...
2022-05-08T01:07:31.876Z [minha-API] info : GET /account
2022-05-08T01:07:36.371Z [minha-API] info : GET /account/:id
2022-05-08T01:08:00.100Z [minha-API] info : API iniciada com sucesso...
2022-05-08T01:08:01.546Z [minha-API] info : API iniciada com sucesso...
2022-05-08T01:08:05.540Z [minha-API] info : API iniciada com sucesso...
2022-05-08T01:08:13.105Z [minha-API] info : API iniciada com sucesso...
2022-05-08T01:08:15.728Z [minha-API] info : GET /account/:id - 1
2022-05-08T01:08:19.222Z [minha-API] info : GET /account/:id - 2
2022-05-08T01:08:21.429Z [minha-API] info : GET /account/:id - 3
2022-05-08T23:25:24.422Z [minha-API] info : API iniciada com sucesso...
2022-05-08T23:25:26.627Z [minha-API] info : API iniciada com sucesso...
2022-05-08T23:25:29.127Z [minha-API] info : API iniciada com sucesso...
2022-05-08T23:26:25.606Z [minha-API] info : API iniciada com sucesso...
2022-05-08T23:28:50.226Z [minha-API] info : API iniciada com sucesso...
2022-05-08T23:29:50.229Z [minha-API] info : API iniciada com sucesso...
2022-05-08T23:29:58.872Z [minha-API] info : API iniciada com sucesso...
2022-05-08T23:30:35.655Z [minha-API] info : API iniciada com sucesso...
2022-05-08T23:30:38.437Z [minha-API] info : API iniciada com sucesso...
2022-05-08T23:32:02.557Z [minha-API] info : API iniciada com sucesso...
2022-05-08T23:33:15.534Z [minha-API] info : API iniciada com sucesso...
2022-05-08T23:33:19.381Z [minha-API] info : API iniciada com sucesso...
2022-05-08T23:33:22.442Z [minha-API] info : API iniciada com sucesso...
2022-05-08T23:35:59.447Z [minha-API] info : API iniciada com sucesso...
2022-05-08T23:36:03.681Z [minha-API] info : API iniciada com sucesso...
2022-05-08T23:36:25.804Z [minha-API] info : API iniciada com sucesso...
2022-05-08T23:36:32.391Z [minha-API] info : API iniciada com sucesso...
2022-05-08T23:36:50.945Z [minha-API] info : API iniciada com sucesso...
2022-05-08T23:36:55.578Z [minha-API] info : API iniciada com sucesso...
2022-05-08T23:37:29.157Z [minha-API] info : API iniciada com sucesso...
2022-05-08T23:37:32.562Z [minha-API] info : API iniciada com sucesso...
2022-05-08T23:37:42.252Z [minha-API] info : API iniciada com sucesso...
2022-05-08T23:38:19.463Z [minha-API] info : API iniciada com sucesso...
2022-05-08T23:38:36.698Z [minha-API] info : API iniciada com sucesso...
2022-05-10T14:02:39.649Z [minha-API] info : API iniciada com sucesso...
2022-05-10T14:03:01.346Z [minha-API] info : POST /account - {"id":7,"name":"Luke Menezes","balance":1250.49}
2022-05-10T14:05:17.162Z [minha-API] info : API iniciada com sucesso...
2022-05-10T14:05:25.501Z [minha-API] info : API iniciada com sucesso...
2022-05-10T14:06:38.103Z [minha-API] info : API iniciada com sucesso...
2022-05-10T14:06:40.870Z [minha-API] info : API iniciada com sucesso...
2022-05-10T14:06:44.869Z [minha-API] info : API iniciada com sucesso...
2022-05-10T14:06:48.753Z [minha-API] info : API iniciada com sucesso...
2022-05-10T14:07:18.617Z [minha-API] info : API iniciada com sucesso...
2022-05-10T14:07:22.402Z [minha-API] info : API iniciada com sucesso...
2022-05-10T14:07:23.789Z [minha-API] info : API iniciada com sucesso...
2022-05-10T14:08:43.511Z [minha-API] info : API iniciada com sucesso...
2022-05-10T14:08:48.064Z [minha-API] info : API iniciada com sucesso...
2022-05-10T14:09:01.300Z [minha-API] info : API iniciada com sucesso...
2022-05-10T14:09:05.623Z [minha-API] info : API iniciada com sucesso...
2022-05-10T14:09:18.620Z [minha-API] info : API iniciada com sucesso...
2022-05-10T14:09:21.166Z [minha-API] info : API iniciada com sucesso...
2022-05-10T14:09:32.001Z [minha-API] info : API iniciada com sucesso...
2022-05-10T14:09:36.762Z [minha-API] info : API iniciada com sucesso...
2022-05-10T14:09:40.968Z [minha-API] info : API iniciada com sucesso...
2022-05-10T14:09:52.404Z [minha-API] info : API iniciada com sucesso...
2022-05-10T14:09:54.045Z [minha-API] info : API iniciada com sucesso...
2022-05-10T14:09:59.451Z [minha-API] info : API iniciada com sucesso...
2022-05-10T14:10:06.492Z [minha-API] info : API iniciada com sucesso...
2022-05-10T14:10:16.586Z [minha-API] info : API iniciada com sucesso...
2022-05-10T14:10:21.736Z [minha-API] info : API iniciada com sucesso...
2022-05-10T14:10:42.155Z [minha-API] info : API iniciada com sucesso...
2022-05-10T14:10:47.766Z [minha-API] info : API iniciada com sucesso...
2022-05-10T14:10:53.556Z [minha-API] info : API iniciada com sucesso...
2022-05-10T14:10:58.245Z [minha-API] info : API iniciada com sucesso...
2022-05-10T14:11:06.964Z [minha-API] info : API iniciada com sucesso...
2022-05-10T14:11:14.113Z [minha-API] info : API iniciada com sucesso...
2022-05-10T14:11:38.448Z [minha-API] info : API iniciada com sucesso...
2022-05-10T14:11:45.231Z [minha-API] info : API iniciada com sucesso...
2022-05-10T14:11:50.783Z [minha-API] info : API iniciada com sucesso...
2022-05-10T14:11:53.570Z [minha-API] info : API iniciada com sucesso...
2022-05-10T14:11:58.836Z [minha-API] info : API iniciada com sucesso...
2022-05-10T14:12:03.062Z [minha-API] info : API iniciada com sucesso...
2022-05-10T14:12:04.065Z [minha-API] info : API iniciada com sucesso...
2022-05-10T14:12:19.129Z [minha-API] info : API iniciada com sucesso...
2022-05-10T14:12:20.987Z [minha-API] info : API iniciada com sucesso...
2022-05-10T14:12:22.757Z [minha-API] info : API iniciada com sucesso...
2022-05-10T14:12:29.723Z [minha-API] info : API iniciada com sucesso...
2022-05-10T14:12:32.820Z [minha-API] info : API iniciada com sucesso...
2022-05-10T14:12:33.803Z [minha-API] info : API iniciada com sucesso...
2022-05-10T14:12:35.842Z [minha-API] info : API iniciada com sucesso...
2022-05-10T14:13:18.126Z [minha-API] info : API iniciada com sucesso...
2022-05-10T14:15:49.640Z [minha-API] info : GET /account
2022-05-10T14:15:56.237Z [minha-API] info : GET /account/:id - 1
2022-05-10T14:16:09.312Z [minha-API] info : PATCH /account/updateBalance - {"id":1,"balance":8000}
2022-05-10T14:16:17.368Z [minha-API] info : GET /account/:id - 1
2022-05-10T14:16:28.191Z [minha-API] info : GET /account
2022-05-10T14:16:40.469Z [minha-API] info : DELETE /account/:id - 7
2022-05-10T14:16:45.438Z [minha-API] info : GET /account
2022-05-10T14:17:12.122Z [minha-API] info : PUT /account - {"id":1,"name":"Da Silva","balance":100000}
2022-05-10T14:17:20.600Z [minha-API] info : GET /account
2022-05-10T14:51:12.165Z [minha-API] info : API iniciada com sucesso...
2022-05-10T14:51:19.370Z [minha-API] info : GET /account
2022-05-10T14:51:20.991Z [minha-API] info : GET /account
2022-05-10T14:51:21.955Z [minha-API] info : GET /account
2022-05-10T14:51:54.217Z [minha-API] info : API iniciada com sucesso...
2022-05-10T14:52:13.637Z [minha-API] info : API iniciada com sucesso...
2022-05-10T14:52:17.349Z [minha-API] info : GET /account
2022-05-10T14:52:18.768Z [minha-API] info : GET /account
2022-05-10T14:53:07.984Z [minha-API] info : API iniciada com sucesso...
2022-05-10T14:53:11.014Z [minha-API] info : GET /account
2022-05-10T14:53:17.081Z [minha-API] info : API iniciada com sucesso...
2022-05-10T14:54:18.646Z [minha-API] info : API iniciada com sucesso...
2022-05-10T14:54:40.183Z [minha-API] info : API iniciada com sucesso...
2022-05-10T14:54:46.546Z [minha-API] info : API iniciada com sucesso...
2022-05-10T14:54:50.621Z [minha-API] info : API iniciada com sucesso...
2022-05-10T14:54:54.683Z [minha-API] info : API iniciada com sucesso...
2022-05-10T14:54:57.009Z [minha-API] info : GET /account
2022-05-10T14:55:03.769Z [minha-API] info : API iniciada com sucesso...
2022-05-10T14:55:07.495Z [minha-API] info : API iniciada com sucesso...
2022-05-10T16:11:06.785Z [minha-API] info : API iniciada com sucesso...
2022-05-10T16:11:24.600Z [minha-API] info : API iniciada com sucesso...
2022-05-10T16:11:29.473Z [minha-API] info : API iniciada com sucesso...
2022-05-10T16:11:34.462Z [minha-API] info : API iniciada com sucesso...
2022-05-10T16:11:43.000Z [minha-API] info : API iniciada com sucesso...
2022-05-10T16:12:10.037Z [minha-API] info : GET /account
2022-05-10T16:13:55.928Z [minha-API] info : API iniciada com sucesso...
2022-05-10T16:14:14.624Z [minha-API] info : API iniciada com sucesso...
2022-05-10T16:14:20.120Z [minha-API] info : API iniciada com sucesso...
2022-05-10T16:14:30.935Z [minha-API] info : API iniciada com sucesso...
2022-05-10T16:14:38.823Z [minha-API] info : GET /account/:id - 1
2022-05-10T16:14:39.706Z [minha-API] info : GET /account/:id - 1
2022-05-10T16:14:42.820Z [minha-API] info : GET /account/:id - 2
2022-05-10T16:14:44.799Z [minha-API] info : GET /account/:id - 3
2022-05-10T16:14:54.732Z [minha-API] info : DELETE /account/:id - 1
2022-05-10T16:15:02.063Z [minha-API] info : GET /account
2022-05-10T16:15:34.715Z [minha-API] info : API iniciada com sucesso...
2022-05-10T16:15:56.651Z [minha-API] info : API iniciada com sucesso...
2022-05-10T16:16:05.815Z [minha-API] info : API iniciada com sucesso...
2022-05-10T16:16:10.103Z [minha-API] info : API iniciada com sucesso...
2022-05-10T16:16:13.138Z [minha-API] info : API iniciada com sucesso...
2022-05-10T16:16:18.666Z [minha-API] info : DELETE /account/:id - 1
2022-05-10T16:18:25.344Z [minha-API] info : API iniciada com sucesso...
2022-05-10T16:18:34.114Z [minha-API] info : API iniciada com sucesso...
2022-05-10T16:18:57.725Z [minha-API] info : API iniciada com sucesso...
2022-05-10T16:19:32.320Z [minha-API] info : API iniciada com sucesso...
2022-05-10T16:19:37.114Z [minha-API] info : DELETE /account/:id - 1
2022-05-10T16:19:41.797Z [minha-API] info : GET /account
2022-05-10T16:19:42.944Z [minha-API] info : GET /account
2022-05-10T16:20:20.000Z [minha-API] info : DELETE /account/:id - 1
2022-05-10T16:20:29.681Z [minha-API] info : API iniciada com sucesso...
2022-05-10T16:20:31.442Z [minha-API] info : API iniciada com sucesso...
2022-05-10T16:20:34.929Z [minha-API] info : DELETE /account/:id - 1
2022-05-10T16:20:40.522Z [minha-API] info : API iniciada com sucesso...
2022-05-10T16:21:21.416Z [minha-API] info : PUT /account - {"id":6,"name":"João Menezes","balance":100000}
2022-05-10T16:21:29.769Z [minha-API] info : GET /account
2022-05-10T16:21:44.541Z [minha-API] error : PATCH /account - index is not defined
2022-05-10T16:22:32.953Z [minha-API] info : API iniciada com sucesso...
2022-05-10T16:22:34.797Z [minha-API] info : API iniciada com sucesso...
2022-05-10T16:22:38.567Z [minha-API] error : PATCH /account - index is not defined
2022-05-10T16:23:29.259Z [minha-API] info : API iniciada com sucesso...
2022-05-10T16:23:37.958Z [minha-API] info : API iniciada com sucesso...
2022-05-10T16:23:40.929Z [minha-API] error : PATCH /account - parceInt is not defined
2022-05-10T16:23:56.265Z [minha-API] info : API iniciada com sucesso...
2022-05-10T16:24:02.920Z [minha-API] info : API iniciada com sucesso...
2022-05-10T16:24:04.617Z [minha-API] error : PATCH /account - parceInt is not defined
2022-05-10T16:24:08.039Z [minha-API] error : PATCH /account - parceInt is not defined
2022-05-10T16:24:17.907Z [minha-API] info : API iniciada com sucesso...
2022-05-10T16:24:37.124Z [minha-API] info : PATCH /account/updateBalance - {"id":60,"balance":9854.5} - Registro não encontrado
2022-05-10T16:24:37.125Z [minha-API] error : PATCH /account - Registro não encontrado.
2022-05-10T16:25:26.528Z [minha-API] info : API iniciada com sucesso...
2022-05-10T16:25:27.737Z [minha-API] info : API iniciada com sucesso...
2022-05-10T16:25:38.055Z [minha-API] info : PATCH /account/updateBalance - {"id":60,"balance":9854.5} - Registro não encontrado
2022-05-10T16:25:38.056Z [minha-API] error : PATCH /account - Registro não encontrado.
2022-05-10T16:25:43.751Z [minha-API] error : PATCH /account - index is not defined
2022-05-10T16:27:49.932Z [minha-API] info : GET /account/:id - 6
2022-05-10T16:27:59.169Z [minha-API] info : API iniciada com sucesso...
2022-05-10T16:28:00.887Z [minha-API] info : API iniciada com sucesso...
2022-05-10T16:28:22.235Z [minha-API] info : API iniciada com sucesso...
2022-05-10T16:28:25.917Z [minha-API] info : API iniciada com sucesso...
2022-05-10T16:28:35.703Z [minha-API] info : API iniciada com sucesso...
2022-05-10T16:28:40.470Z [minha-API] info : API iniciada com sucesso...
2022-05-10T16:28:43.214Z [minha-API] info : API iniciada com sucesso...
2022-05-10T16:28:44.417Z [minha-API] info : API iniciada com sucesso...
2022-05-10T16:28:53.243Z [minha-API] info : API iniciada com sucesso...
2022-05-10T16:29:02.439Z [minha-API] info : PATCH /account/updateBalance - {"id":6,"balance":19854.5}
2022-05-10T16:29:31.315Z [minha-API] info : API iniciada com sucesso...
2022-05-10T16:29:33.002Z [minha-API] info : API iniciada com sucesso...
2022-05-10T16:29:35.347Z [minha-API] info : PATCH /account/updateBalance - {"id":6,"balance":19854.5}
2022-05-10T16:29:45.384Z [minha-API] info : API iniciada com sucesso...
2022-05-10T16:29:47.150Z [minha-API] info : API iniciada com sucesso...
2022-05-10T16:29:52.084Z [minha-API] info : API iniciada com sucesso...
2022-05-10T16:29:55.972Z [minha-API] error : PATCH /account - Cannot access 'data' before initialization
2022-05-10T16:30:14.242Z [minha-API] info : API iniciada com sucesso...
2022-05-10T16:30:14.407Z [minha-API] error : PATCH /account - Cannot access 'data' before initialization
2022-05-10T16:30:18.487Z [minha-API] info : API iniciada com sucesso...
2022-05-10T16:30:23.514Z [minha-API] info : API iniciada com sucesso...
2022-05-10T16:30:28.156Z [minha-API] error : PATCH /account - Assignment to constant variable.
2022-05-10T16:30:29.664Z [minha-API] error : PATCH /account - Assignment to constant variable.
2022-05-10T16:30:44.586Z [minha-API] info : API iniciada com sucesso...
2022-05-10T16:30:49.927Z [minha-API] info : PATCH /account/updateBalance - {"id":6,"balance":19854.5}
2022-05-10T16:30:53.433Z [minha-API] info : PATCH /account/updateBalance - {"id":6,"balance":19854.5}
2022-05-10T16:31:36.699Z [minha-API] info : API iniciada com sucesso...
2022-05-10T16:31:39.959Z [minha-API] info : API iniciada com sucesso...
2022-05-10T16:31:44.706Z [minha-API] info : API iniciada com sucesso...
2022-05-10T16:31:58.440Z [minha-API] info : PATCH /account/updateBalance - {"id":6,"balance":19854.5}
2022-05-10T16:34:50.265Z [minha-API] info : API iniciada com sucesso...
2022-05-10T16:35:24.190Z [minha-API] info : API iniciada com sucesso...
2022-05-10T16:35:35.252Z [minha-API] info : API iniciada com sucesso...
2022-05-10T16:35:41.568Z [minha-API] info : API iniciada com sucesso...
2022-05-10T16:35:43.601Z [minha-API] info : API iniciada com sucesso...
2022-05-10T16:35:45.774Z [minha-API] info : API iniciada com sucesso...
2022-05-10T16:35:48.986Z [minha-API] info : API iniciada com sucesso...
2022-05-10T16:35:52.362Z [minha-API] info : API iniciada com sucesso...
2022-05-10T16:35:54.770Z [minha-API] info : API iniciada com sucesso...
2022-05-10T16:35:56.212Z [minha-API] info : API iniciada com sucesso...
2022-05-10T16:35:57.774Z [minha-API] info : API iniciada com sucesso...
2022-05-10T16:35:59.660Z [minha-API] info : API iniciada com sucesso...
2022-05-10T16:39:14.941Z [minha-API] info : API iniciada com sucesso...
2022-05-10T16:39:18.981Z [minha-API] info : API iniciada com sucesso...
2022-05-10T16:39:23.090Z [minha-API] info : API iniciada com sucesso...
2022-05-10T16:39:26.807Z [minha-API] info : API iniciada com sucesso...
2022-05-10T16:39:29.184Z [minha-API] info : API iniciada com sucesso...
2022-05-10T16:39:31.219Z [minha-API] info : API iniciada com sucesso...
2022-05-10T16:39:34.939Z [minha-API] info : API iniciada com sucesso...
2022-05-10T16:39:38.789Z [minha-API] info : API iniciada com sucesso...
2022-05-10T16:39:40.631Z [minha-API] info : API iniciada com sucesso...
2022-05-10T16:39:43.741Z [minha-API] info : API iniciada com sucesso...
2022-05-10T16:39:49.786Z [minha-API] info : API iniciada com sucesso...
2022-05-10T16:40:03.804Z [minha-API] info : API iniciada com sucesso...
2022-05-10T16:40:06.090Z [minha-API] info : API iniciada com sucesso...
2022-05-10T16:40:40.958Z [minha-API] info : API iniciada com sucesso...
2022-05-10T16:40:47.839Z [minha-API] info : API iniciada com sucesso...
2022-05-10T16:41:19.973Z [minha-API] info : API iniciada com sucesso...
2022-05-10T16:42:14.506Z [minha-API] info : API iniciada com sucesso...
2022-05-10T16:42:16.314Z [minha-API] info : API iniciada com sucesso...
2022-05-10T16:42:25.885Z [minha-API] info : API iniciada com sucesso...
2022-05-10T16:42:27.954Z [minha-API] info : API iniciada com sucesso...
2022-05-10T16:42:46.614Z [minha-API] info : GET /account
2022-05-10T16:42:48.638Z [minha-API] info : GET /account
2022-05-10T16:45:58.522Z [minha-API] info : API iniciada com sucesso...
2022-05-10T16:45:58.988Z [minha-API] info : GET /account
2022-05-10T16:46:17.087Z [minha-API] info : API iniciada com sucesso...
2022-05-10T16:46:53.126Z [minha-API] info : GET /account
2022-05-10T16:46:58.863Z [minha-API] info : API iniciada com sucesso...
2022-05-10T16:47:01.483Z [minha-API] info : GET /account
2022-05-10T16:49:24.196Z [minha-API] info : API iniciada com sucesso...
2022-05-10T16:49:25.715Z [minha-API] info : API iniciada com sucesso...
2022-05-10T16:49:28.956Z [minha-API] info : GET /account
2022-05-10T16:49:35.668Z [minha-API] info : API iniciada com sucesso...
2022-05-10T16:50:47.193Z [minha-API] info : API iniciada com sucesso...
2022-05-10T16:50:52.316Z [minha-API] info : API iniciada com sucesso...
2022-05-10T16:50:54.650Z [minha-API] info : API iniciada com sucesso...
2022-05-10T16:50:56.476Z [minha-API] info : API iniciada com sucesso...
2022-05-10T16:51:10.581Z [minha-API] info : API iniciada com sucesso...
2022-05-10T16:51:14.514Z [minha-API] info : GET /account
2022-05-10T16:51:46.244Z [minha-API] info : API iniciada com sucesso...
2022-05-10T16:51:59.765Z [minha-API] info : API iniciada com sucesso...
2022-05-10T16:52:13.132Z [minha-API] info : API iniciada com sucesso...
2022-05-10T16:52:22.991Z [minha-API] info : API iniciada com sucesso...
2022-05-10T16:52:26.465Z [minha-API] info : API iniciada com sucesso...
2022-05-10T16:52:28.104Z [minha-API] info : API iniciada com sucesso...
2022-05-10T16:52:33.683Z [minha-API] info : API iniciada com sucesso...
2022-05-10T16:53:23.836Z [minha-API] info : API iniciada com sucesso...
2022-05-10T16:53:34.237Z [minha-API] info : API iniciada com sucesso...
2022-05-10T16:53:49.810Z [minha-API] info : API iniciada com sucesso...
2022-05-10T16:59:41.507Z [minha-API] info : API iniciada com sucesso...
2022-05-10T16:59:48.545Z [minha-API] info : API iniciada com sucesso...
2022-05-10T16:59:51.223Z [minha-API] info : API iniciada com sucesso...
2022-05-10T17:00:06.466Z [minha-API] info : API iniciada com sucesso...
2022-05-10T17:00:12.899Z [minha-API] info : API iniciada com sucesso...
2022-05-10T17:05:15.315Z [minha-API] info : API iniciada com sucesso...
2022-05-10T17:05:17.380Z [minha-API] info : API iniciada com sucesso...
2022-05-10T17:05:22.763Z [minha-API] info : API iniciada com sucesso...
2022-05-10T17:05:27.142Z [minha-API] info : API iniciada com sucesso...
2022-05-10T17:05:30.033Z [minha-API] info : API iniciada com sucesso...
2022-05-10T17:05:34.767Z [minha-API] info : API iniciada com sucesso...
2022-05-10T17:05:42.843Z [minha-API] info : API iniciada com sucesso...
2022-05-10T17:05:44.842Z [minha-API] info : API iniciada com sucesso...
2022-05-10T17:07:35.372Z [minha-API] info : API iniciada com sucesso...
2022-05-10T17:08:01.318Z [minha-API] info : API iniciada com sucesso...
2022-05-10T17:08:04.817Z [minha-API] info : API iniciada com sucesso...
2022-05-10T17:08:17.437Z [minha-API] info : API iniciada com sucesso...
2022-05-10T17:08:24.773Z [minha-API] info : API iniciada com sucesso...
2022-05-10T17:08:33.635Z [minha-API] info : API iniciada com sucesso...
2022-05-10T17:08:40.875Z [minha-API] info : API iniciada com sucesso...
2022-05-10T17:08:42.294Z [minha-API] info : API iniciada com sucesso...
2022-05-10T17:08:44.545Z [minha-API] info : API iniciada com sucesso...
2022-05-10T17:09:06.780Z [minha-API] info : API iniciada com sucesso...
2022-05-10T17:09:19.775Z [minha-API] info : API iniciada com sucesso...
2022-05-10T17:09:28.473Z [minha-API] info : API iniciada com sucesso...
2022-05-10T17:09:36.469Z [minha-API] info : API iniciada com sucesso...
2022-05-10T17:09:44.967Z [minha-API] info : API iniciada com sucesso...
2022-05-10T17:10:29.810Z [minha-API] info : API iniciada com sucesso...
2022-05-10T17:11:12.331Z [minha-API] info : API iniciada com sucesso...
2022-05-10T17:11:14.260Z [minha-API] info : API iniciada com sucesso...
2022-05-10T17:11:19.565Z [minha-API] info : API iniciada com sucesso...
2022-05-10T17:11:25.212Z [minha-API] info : API iniciada com sucesso...
2022-05-10T17:12:15.942Z [minha-API] info : API iniciada com sucesso...
2022-05-10T17:12:29.051Z [minha-API] info : API iniciada com sucesso...
2022-05-10T17:12:38.516Z [minha-API] info : API iniciada com sucesso...
2022-05-10T17:12:57.619Z [minha-API] info : API iniciada com sucesso...
2022-05-10T17:13:38.086Z [minha-API] info : API iniciada com sucesso...
2022-05-10T17:13:41.692Z [minha-API] info : API iniciada com sucesso...
2022-05-10T17:13:59.136Z [minha-API] info : API iniciada com sucesso...
2022-05-10T17:14:02.967Z [minha-API] info : API iniciada com sucesso...
2022-05-10T17:14:08.789Z [minha-API] info : API iniciada com sucesso...
2022-05-10T17:14:24.557Z [minha-API] info : API iniciada com sucesso...
2022-05-10T17:14:29.800Z [minha-API] info : API iniciada com sucesso...
2022-05-10T17:14:39.939Z [minha-API] info : API iniciada com sucesso...
2022-05-10T17:14:42.103Z [minha-API] info : API iniciada com sucesso...
2022-05-10T17:14:49.521Z [minha-API] info : API iniciada com sucesso...
2022-05-10T17:14:57.271Z [minha-API] info : API iniciada com sucesso...
2022-05-10T17:15:06.306Z [minha-API] info : API iniciada com sucesso...
2022-05-10T17:15:13.302Z [minha-API] info : API iniciada com sucesso...
2022-05-10T17:17:54.334Z [minha-API] info : API iniciada com sucesso...
2022-05-10T17:17:58.676Z [minha-API] info : GET /account
2022-05-10T17:18:04.979Z [minha-API] info : GET /account/:id - 6
2022-05-10T17:18:05.787Z [minha-API] info : GET /account/:id - 6
2022-05-10T17:18:06.295Z [minha-API] info : GET /account/:id - 6
2022-05-10T17:18:21.773Z [minha-API] info : POST /account - {"id":8,"name":"João Menezes","balance":1150.49}
2022-05-10T17:18:30.653Z [minha-API] info : POST /account - {"id":9,"name":"Luna Menezes","balance":50.49}
2022-05-10T17:18:34.064Z [minha-API] info : GET /account
2022-05-10T17:18:41.873Z [minha-API] info : POST /account - {"id":10,"name":"Luna Menezes","balance":50.49}
2022-05-10T17:18:42.489Z [minha-API] info : POST /account - {"id":11,"name":"Luna Menezes","balance":50.49}
2022-05-10T17:18:45.568Z [minha-API] info : GET /account
2022-05-10T17:18:55.486Z [minha-API] error : DELETE /account - Cannot read properties of undefined (reading 'filter')
2022-05-10T17:20:46.692Z [minha-API] info : API iniciada com sucesso...
2022-05-10T17:20:55.637Z [minha-API] info : API iniciada com sucesso...
2022-05-10T17:20:57.342Z [minha-API] info : API iniciada com sucesso...
2022-05-10T17:21:16.613Z [minha-API] error : DELETE /account - Cannot read properties of undefined (reading 'filter')
2022-05-10T17:22:31.235Z [minha-API] info : GET /account
2022-05-10T17:22:46.937Z [minha-API] info : API iniciada com sucesso...
2022-05-10T17:24:18.470Z [minha-API] info : API iniciada com sucesso...
2022-05-10T17:24:24.227Z [minha-API] info : API iniciada com sucesso...
2022-05-10T17:24:25.740Z [minha-API] info : API iniciada com sucesso...
2022-05-10T17:24:36.376Z [minha-API] info : GET /account
2022-05-10T17:24:40.439Z [minha-API] info : DELETE /account/:id - 11
2022-05-10T17:24:44.773Z [minha-API] info : GET /account
2022-05-10T17:25:30.511Z [minha-API] info : API iniciada com sucesso...
2022-05-10T17:25:36.756Z [minha-API] info : DELETE /account/:id - 11
2022-05-10T17:25:45.122Z [minha-API] info : DELETE /account/:id - 10
2022-05-10T17:25:57.075Z [minha-API] info : API iniciada com sucesso...
2022-05-10T17:25:59.106Z [minha-API] info : API iniciada com sucesso...
2022-05-10T17:26:27.767Z [minha-API] info : API iniciada com sucesso...
2022-05-10T17:26:31.969Z [minha-API] info : API iniciada com sucesso...
2022-05-10T17:26:48.963Z [minha-API] info : API iniciada com sucesso...
2022-05-10T17:26:55.758Z [minha-API] info : DELETE /account/:id - 9
2022-05-10T17:27:11.499Z [minha-API] info : API iniciada com sucesso...
2022-05-10T17:27:14.319Z [minha-API] info : API iniciada com sucesso...
2022-05-10T17:27:18.893Z [minha-API] info : API iniciada com sucesso...
2022-05-10T17:27:23.725Z [minha-API] error : DELETE /account - Cannot set headers after they are sent to the client
2022-05-10T17:27:30.783Z [minha-API] info : API iniciada com sucesso...
2022-05-10T17:27:33.622Z [minha-API] info : DELETE /account/:id - 8
2022-05-10T17:27:37.554Z [minha-API] info : DELETE /account/:id - 7
2022-05-10T17:27:40.915Z [minha-API] info : GET /account
2022-05-10T17:28:02.801Z [minha-API] error : PUT /account - Cannot read properties of undefined (reading 'findIndex')
2022-05-10T17:28:38.812Z [minha-API] info : API iniciada com sucesso...
2022-05-10T17:28:47.629Z [minha-API] info : API iniciada com sucesso...
2022-05-10T17:28:50.590Z [minha-API] info : API iniciada com sucesso...
2022-05-10T17:29:04.173Z [minha-API] info : API iniciada com sucesso...
2022-05-10T17:29:11.456Z [minha-API] info : PUT /account - {"id":6,"name":"João Rafael Fagundes Menezes","balance":900000}
2022-05-10T17:29:15.687Z [minha-API] info : GET /account
2022-05-10T17:29:26.904Z [minha-API] error : PATCH /account - Cannot read properties of undefined (reading 'findIndex')
2022-05-10T17:29:49.329Z [minha-API] info : API iniciada com sucesso...
2022-05-10T17:29:54.086Z [minha-API] info : API iniciada com sucesso...
2022-05-10T17:29:56.723Z [minha-API] info : PATCH /account/updateBalance - {"id":6,"balance":1.5}
2022-05-10T17:30:01.151Z [minha-API] info : GET /account
